06-07 21:43:10 com_github_MitjaNemec_ReplicateLayout.action_replicate_layout 392:Plugin executed on: 'linux'
06-07 21:43:10 com_github_MitjaNemec_ReplicateLayout.action_replicate_layout 393:Plugin executed with python version: '3.12.3 (main, Apr 10 2024, 05:33:47) [GCC 13.2.0]'
06-07 21:43:10 com_github_MitjaNemec_ReplicateLayout.action_replicate_layout 394:KiCad build version: 8.0.2-8.0.2-0~ubuntu24.04.1
06-07 21:43:10 com_github_MitjaNemec_ReplicateLayout.action_replicate_layout 395:Plugin version: 3.0.3
06-07 21:43:10 com_github_MitjaNemec_ReplicateLayout.action_replicate_layout 396:Frame repr: <wx._core.Frame object at 0x7f50d97f5fd0>
06-07 21:43:10 com_github_MitjaNemec_ReplicateLayout.action_replicate_layout 420:Preparing replicator with Q9 as a reference
06-07 21:43:10 com_github_MitjaNemec_ReplicateLayout.replicate_layout 117:getting a list of all footprints on board
06-07 21:43:10 com_github_MitjaNemec_ReplicateLayout.action_replicate_layout 468:source anchor footprint is 'Q9'
Located on: ['high-side-switch2']
With filenames: ['high-side-switch.kicad_sch']
With sheet_id:['high-side-switch2']
06-07 21:43:10 com_github_MitjaNemec_ReplicateLayout.action_replicate_layout 475:Corresponding footprints are 
[('Q11', ['high-side-switch3']), ('Q15', ['high-side-switch5']), ('Q9', ['high-side-switch2']), ('Q5', ['high-side-switch']), ('Q7', ['high-side-switch1']), ('Q13', ['high-side-switch4'])]
06-07 21:43:10 com_github_MitjaNemec_ReplicateLayout.action_replicate_layout 487:Showing dialog
06-07 21:43:10 com_github_MitjaNemec_ReplicateLayout.replicate_layout 472:constructing a list of sheets suitable for replication on level:'high-side-switch2', file:'high-side-switch.kicad_sch'
06-07 21:43:10 com_github_MitjaNemec_ReplicateLayout.replicate_layout 509:suitable sheets are:[['high-side-switch'], ['high-side-switch1'], ['high-side-switch3'], ['high-side-switch4'], ['high-side-switch5']]
06-07 21:43:10 com_github_MitjaNemec_ReplicateLayout.replicate_layout 1507:Level selected: ['high-side-switch2']
06-07 21:43:10 com_github_MitjaNemec_ReplicateLayout.replicate_layout 1331:Filtering list of tracks
06-07 21:43:10 com_github_MitjaNemec_ReplicateLayout.action_replicate_layout 493:Toolbar position: wx.Point(4791, 167)
06-07 21:43:10 com_github_MitjaNemec_ReplicateLayout.action_replicate_layout 498:Dialog position: wx.Point(4352, 167)
06-07 21:43:11 com_github_MitjaNemec_ReplicateLayout.replicate_layout 472:constructing a list of sheets suitable for replication on level:'high-side-switch2', file:'high-side-switch.kicad_sch'
06-07 21:43:11 com_github_MitjaNemec_ReplicateLayout.replicate_layout 509:suitable sheets are:[['high-side-switch'], ['high-side-switch1'], ['high-side-switch3'], ['high-side-switch4'], ['high-side-switch5']]
06-07 21:43:11 com_github_MitjaNemec_ReplicateLayout.action_replicate_layout 240:Replicating layout
06-07 21:43:11 com_github_MitjaNemec_ReplicateLayout.replicate_layout 288:Starting replication of sheets: [['high-side-switch'], ['high-side-switch1'], ['high-side-switch3'], ['high-side-switch4'], ['high-side-switch5']]
on level: ['high-side-switch2']
with tracks=True, zone=True, text=True, text=True, intersecting=False, remove=False, locked footprints=False, group_only=False
06-07 21:43:11 root 332:updating GUI message: 'Preparing for replication'
06-07 21:43:11 com_github_MitjaNemec_ReplicateLayout.replicate_layout 358:Getting the list of source footprints
06-07 21:43:11 root 337:updating GUI with: 0
06-07 21:43:11 com_github_MitjaNemec_ReplicateLayout.replicate_layout 368:Getting the list of all the remaining footprints
06-07 21:43:11 com_github_MitjaNemec_ReplicateLayout.replicate_layout 375:Getting source tracks
06-07 21:43:11 com_github_MitjaNemec_ReplicateLayout.replicate_layout 1331:Filtering list of tracks
06-07 21:43:11 com_github_MitjaNemec_ReplicateLayout.replicate_layout 379:Getting source zones
06-07 21:43:11 com_github_MitjaNemec_ReplicateLayout.replicate_layout 383:Getting source text items
06-07 21:43:11 com_github_MitjaNemec_ReplicateLayout.replicate_layout 387:Getting source drawing items
06-07 21:43:11 root 332:updating GUI message: 'Replicating footprints'
06-07 21:43:11 com_github_MitjaNemec_ReplicateLayout.replicate_layout 861:Replicating footprints
06-07 21:43:11 com_github_MitjaNemec_ReplicateLayout.replicate_layout 868:Replicating footprints on sheet ['high-side-switch']
06-07 21:43:11 com_github_MitjaNemec_ReplicateLayout.replicate_layout 985:Src text UUid:ab687e52-6d7c-4736-871b-ac0aa173df85
06-07 21:43:11 com_github_MitjaNemec_ReplicateLayout.replicate_layout 986:Dst text UUid:86310b7d-60e1-41f6-a0d9-b0907dccd151
06-07 21:43:11 com_github_MitjaNemec_ReplicateLayout.replicate_layout 985:Src text UUid:d855c174-bc9c-4844-bedf-66eb247c0764
06-07 21:43:11 com_github_MitjaNemec_ReplicateLayout.replicate_layout 986:Dst text UUid:99922b63-7de0-4d8a-a390-b9e5f707a4c9
06-07 21:43:11 com_github_MitjaNemec_ReplicateLayout.replicate_layout 985:Src text UUid:c1474a28-6412-48b8-a936-ed6e2960e36f
06-07 21:43:11 com_github_MitjaNemec_ReplicateLayout.replicate_layout 986:Dst text UUid:43d14ebf-143f-4003-9f31-cd26d09c93f4
06-07 21:43:11 com_github_MitjaNemec_ReplicateLayout.replicate_layout 985:Src text UUid:8c95f305-d77b-4b8a-aa6f-b52bd9138e6f
06-07 21:43:11 com_github_MitjaNemec_ReplicateLayout.replicate_layout 986:Dst text UUid:652a06bf-feb5-45db-b42c-0d6a6e274930
06-07 21:43:11 com_github_MitjaNemec_ReplicateLayout.replicate_layout 985:Src text UUid:6bc88fea-e76c-4162-a119-66e0d59d8287
06-07 21:43:11 com_github_MitjaNemec_ReplicateLayout.replicate_layout 986:Dst text UUid:fb5a028f-e6ba-4a90-a587-dd66c65e0b48
06-07 21:43:11 com_github_MitjaNemec_ReplicateLayout.replicate_layout 985:Src text UUid:4b372115-3edc-49af-a68e-c4a0c9d72aab
06-07 21:43:11 com_github_MitjaNemec_ReplicateLayout.replicate_layout 986:Dst text UUid:b588493a-4bf8-4ed1-a80c-3938bfe86650
06-07 21:43:11 com_github_MitjaNemec_ReplicateLayout.replicate_layout 985:Src text UUid:a1e1348c-2ceb-4432-a4ad-03952c4699f6
06-07 21:43:11 com_github_MitjaNemec_ReplicateLayout.replicate_layout 986:Dst text UUid:649620a1-bde9-49c6-ad78-65efad24aa69
06-07 21:43:11 com_github_MitjaNemec_ReplicateLayout.replicate_layout 985:Src text UUid:817ee549-df6e-438b-a75f-12adc8fddaca
06-07 21:43:11 com_github_MitjaNemec_ReplicateLayout.replicate_layout 986:Dst text UUid:1a0aa42f-7906-4270-9720-e87ee56ba434
06-07 21:43:11 com_github_MitjaNemec_ReplicateLayout.replicate_layout 985:Src text UUid:78496e17-eb27-4c6b-a2eb-e442be4bb815
06-07 21:43:11 com_github_MitjaNemec_ReplicateLayout.replicate_layout 986:Dst text UUid:871910c2-bec1-4b46-a9a0-377e52e34ec0
06-07 21:43:11 com_github_MitjaNemec_ReplicateLayout.replicate_layout 985:Src text UUid:819b6948-9dec-4998-a2b7-a42f114ddf7d
06-07 21:43:11 com_github_MitjaNemec_ReplicateLayout.replicate_layout 986:Dst text UUid:c31e86e0-0731-4bc8-9de0-0e88920f8e12
06-07 21:43:11 com_github_MitjaNemec_ReplicateLayout.replicate_layout 985:Src text UUid:cb894296-0a0a-47e5-aea3-84a45a655159
06-07 21:43:11 com_github_MitjaNemec_ReplicateLayout.replicate_layout 986:Dst text UUid:c03833a9-1bb1-4dca-ba0d-fd3a1b91be7b
06-07 21:43:11 com_github_MitjaNemec_ReplicateLayout.replicate_layout 985:Src text UUid:05bdad6d-aae6-4073-aa06-ed39815ea49b
06-07 21:43:11 com_github_MitjaNemec_ReplicateLayout.replicate_layout 986:Dst text UUid:3371aa52-9d24-441d-a356-3d1dec9cf1c6
06-07 21:43:11 com_github_MitjaNemec_ReplicateLayout.replicate_layout 985:Src text UUid:aa33e0ec-aeee-4527-bc43-42ac418801c6
06-07 21:43:11 com_github_MitjaNemec_ReplicateLayout.replicate_layout 986:Dst text UUid:af1b3dbc-60b0-4bdf-b9c4-ad74b436a632
06-07 21:43:11 com_github_MitjaNemec_ReplicateLayout.replicate_layout 985:Src text UUid:62d03a22-2430-4966-8e6a-c0507ee76c3c
06-07 21:43:11 com_github_MitjaNemec_ReplicateLayout.replicate_layout 986:Dst text UUid:a259371b-ce9b-49c8-b69c-63f210e7f127
06-07 21:43:11 com_github_MitjaNemec_ReplicateLayout.replicate_layout 985:Src text UUid:47c7aae1-1284-4bc4-81c0-a73d6001c07d
06-07 21:43:11 com_github_MitjaNemec_ReplicateLayout.replicate_layout 986:Dst text UUid:150e5b93-0d5f-4fd8-90fa-a16de15c9c9f
06-07 21:43:11 com_github_MitjaNemec_ReplicateLayout.replicate_layout 868:Replicating footprints on sheet ['high-side-switch1']
06-07 21:43:11 com_github_MitjaNemec_ReplicateLayout.replicate_layout 985:Src text UUid:ab687e52-6d7c-4736-871b-ac0aa173df85
06-07 21:43:11 com_github_MitjaNemec_ReplicateLayout.replicate_layout 986:Dst text UUid:3ca3ed99-a2a9-47e4-9ba4-aebd0e2aa222
06-07 21:43:11 com_github_MitjaNemec_ReplicateLayout.replicate_layout 985:Src text UUid:d855c174-bc9c-4844-bedf-66eb247c0764
06-07 21:43:11 com_github_MitjaNemec_ReplicateLayout.replicate_layout 986:Dst text UUid:73308c0f-8de1-46e1-ac01-a49837c586b6
06-07 21:43:11 com_github_MitjaNemec_ReplicateLayout.replicate_layout 985:Src text UUid:c1474a28-6412-48b8-a936-ed6e2960e36f
06-07 21:43:11 com_github_MitjaNemec_ReplicateLayout.replicate_layout 986:Dst text UUid:325fe111-4615-41a8-a8ea-b32ebc8a1054
06-07 21:43:11 com_github_MitjaNemec_ReplicateLayout.replicate_layout 985:Src text UUid:8c95f305-d77b-4b8a-aa6f-b52bd9138e6f
06-07 21:43:11 com_github_MitjaNemec_ReplicateLayout.replicate_layout 986:Dst text UUid:cd64c68f-6fed-4149-bb51-d082b1d3b301
06-07 21:43:11 com_github_MitjaNemec_ReplicateLayout.replicate_layout 985:Src text UUid:6bc88fea-e76c-4162-a119-66e0d59d8287
06-07 21:43:11 com_github_MitjaNemec_ReplicateLayout.replicate_layout 986:Dst text UUid:db23561f-4a9a-4ecf-8eb4-32002af1008a
06-07 21:43:11 com_github_MitjaNemec_ReplicateLayout.replicate_layout 985:Src text UUid:4b372115-3edc-49af-a68e-c4a0c9d72aab
06-07 21:43:11 com_github_MitjaNemec_ReplicateLayout.replicate_layout 986:Dst text UUid:94e40130-44fa-4a78-86eb-0ec0e717a3a4
06-07 21:43:11 com_github_MitjaNemec_ReplicateLayout.replicate_layout 985:Src text UUid:a1e1348c-2ceb-4432-a4ad-03952c4699f6
06-07 21:43:11 com_github_MitjaNemec_ReplicateLayout.replicate_layout 986:Dst text UUid:e185d9f2-d5bc-4dd9-8967-44068902aae5
06-07 21:43:11 com_github_MitjaNemec_ReplicateLayout.replicate_layout 985:Src text UUid:817ee549-df6e-438b-a75f-12adc8fddaca
06-07 21:43:11 com_github_MitjaNemec_ReplicateLayout.replicate_layout 986:Dst text UUid:d0288d29-b116-43f2-b0be-5bf167388c4c
06-07 21:43:11 com_github_MitjaNemec_ReplicateLayout.replicate_layout 985:Src text UUid:78496e17-eb27-4c6b-a2eb-e442be4bb815
06-07 21:43:11 com_github_MitjaNemec_ReplicateLayout.replicate_layout 986:Dst text UUid:fc37f25d-f8cc-4430-88ef-f397ed62eedc
06-07 21:43:11 com_github_MitjaNemec_ReplicateLayout.replicate_layout 985:Src text UUid:819b6948-9dec-4998-a2b7-a42f114ddf7d
06-07 21:43:11 com_github_MitjaNemec_ReplicateLayout.replicate_layout 986:Dst text UUid:82acdebf-4c74-4076-ae36-255761afd169
06-07 21:43:11 com_github_MitjaNemec_ReplicateLayout.replicate_layout 985:Src text UUid:cb894296-0a0a-47e5-aea3-84a45a655159
06-07 21:43:11 com_github_MitjaNemec_ReplicateLayout.replicate_layout 986:Dst text UUid:d6b8c64b-94f7-4777-8e1b-e7ffbd3c8827
06-07 21:43:11 com_github_MitjaNemec_ReplicateLayout.replicate_layout 985:Src text UUid:05bdad6d-aae6-4073-aa06-ed39815ea49b
06-07 21:43:11 com_github_MitjaNemec_ReplicateLayout.replicate_layout 986:Dst text UUid:7df1fbd5-54d5-48e5-ba08-56df05c3bd49
06-07 21:43:11 com_github_MitjaNemec_ReplicateLayout.replicate_layout 985:Src text UUid:aa33e0ec-aeee-4527-bc43-42ac418801c6
06-07 21:43:11 com_github_MitjaNemec_ReplicateLayout.replicate_layout 986:Dst text UUid:c67eabf2-a72d-4d9e-9515-446807152445
06-07 21:43:11 com_github_MitjaNemec_ReplicateLayout.replicate_layout 985:Src text UUid:62d03a22-2430-4966-8e6a-c0507ee76c3c
06-07 21:43:11 com_github_MitjaNemec_ReplicateLayout.replicate_layout 986:Dst text UUid:59377df7-b47e-4a8e-972a-0ace20825c45
06-07 21:43:11 com_github_MitjaNemec_ReplicateLayout.replicate_layout 985:Src text UUid:47c7aae1-1284-4bc4-81c0-a73d6001c07d
06-07 21:43:11 com_github_MitjaNemec_ReplicateLayout.replicate_layout 986:Dst text UUid:8cca4aa6-6d11-4e91-b4e6-13ab3506cd3b
06-07 21:43:11 com_github_MitjaNemec_ReplicateLayout.replicate_layout 868:Replicating footprints on sheet ['high-side-switch3']
06-07 21:43:11 com_github_MitjaNemec_ReplicateLayout.replicate_layout 985:Src text UUid:ab687e52-6d7c-4736-871b-ac0aa173df85
06-07 21:43:11 com_github_MitjaNemec_ReplicateLayout.replicate_layout 986:Dst text UUid:93164e8b-5d5f-4126-9068-2a5f2fd8e190
06-07 21:43:11 com_github_MitjaNemec_ReplicateLayout.replicate_layout 985:Src text UUid:d855c174-bc9c-4844-bedf-66eb247c0764
06-07 21:43:11 com_github_MitjaNemec_ReplicateLayout.replicate_layout 986:Dst text UUid:ff95cbc2-3e28-4760-8827-f2fb1b6ab7ad
06-07 21:43:11 com_github_MitjaNemec_ReplicateLayout.replicate_layout 985:Src text UUid:c1474a28-6412-48b8-a936-ed6e2960e36f
06-07 21:43:11 com_github_MitjaNemec_ReplicateLayout.replicate_layout 986:Dst text UUid:0293ed4b-e818-477a-8058-cb722b4b9c8b
06-07 21:43:11 com_github_MitjaNemec_ReplicateLayout.replicate_layout 985:Src text UUid:8c95f305-d77b-4b8a-aa6f-b52bd9138e6f
06-07 21:43:11 com_github_MitjaNemec_ReplicateLayout.replicate_layout 986:Dst text UUid:8b9c78ab-f3dc-4ee3-a9a2-817a1ebc3d09
06-07 21:43:11 com_github_MitjaNemec_ReplicateLayout.replicate_layout 985:Src text UUid:6bc88fea-e76c-4162-a119-66e0d59d8287
06-07 21:43:11 com_github_MitjaNemec_ReplicateLayout.replicate_layout 986:Dst text UUid:51df2e9d-fc53-4fab-92cd-08fae7d27121
06-07 21:43:11 com_github_MitjaNemec_ReplicateLayout.replicate_layout 985:Src text UUid:4b372115-3edc-49af-a68e-c4a0c9d72aab
06-07 21:43:11 com_github_MitjaNemec_ReplicateLayout.replicate_layout 986:Dst text UUid:0e20498d-be15-42ae-9496-7f87189dee44
06-07 21:43:11 com_github_MitjaNemec_ReplicateLayout.replicate_layout 985:Src text UUid:a1e1348c-2ceb-4432-a4ad-03952c4699f6
06-07 21:43:11 com_github_MitjaNemec_ReplicateLayout.replicate_layout 986:Dst text UUid:959c1cc6-05a8-40cb-8cbb-7bdb9c7fa898
06-07 21:43:11 com_github_MitjaNemec_ReplicateLayout.replicate_layout 985:Src text UUid:817ee549-df6e-438b-a75f-12adc8fddaca
06-07 21:43:11 com_github_MitjaNemec_ReplicateLayout.replicate_layout 986:Dst text UUid:ba356b73-cf22-4f08-b643-7006f21372ff
06-07 21:43:11 com_github_MitjaNemec_ReplicateLayout.replicate_layout 985:Src text UUid:78496e17-eb27-4c6b-a2eb-e442be4bb815
06-07 21:43:11 com_github_MitjaNemec_ReplicateLayout.replicate_layout 986:Dst text UUid:21822d55-59e1-4f7c-bfdb-f6f0ca6b3fac
06-07 21:43:11 com_github_MitjaNemec_ReplicateLayout.replicate_layout 985:Src text UUid:819b6948-9dec-4998-a2b7-a42f114ddf7d
06-07 21:43:11 com_github_MitjaNemec_ReplicateLayout.replicate_layout 986:Dst text UUid:6a71fc01-b1c6-4a6f-a888-a97cff54bca2
06-07 21:43:11 com_github_MitjaNemec_ReplicateLayout.replicate_layout 985:Src text UUid:cb894296-0a0a-47e5-aea3-84a45a655159
06-07 21:43:11 com_github_MitjaNemec_ReplicateLayout.replicate_layout 986:Dst text UUid:bb39d926-0333-47bd-9092-9168b65865db
06-07 21:43:11 com_github_MitjaNemec_ReplicateLayout.replicate_layout 985:Src text UUid:05bdad6d-aae6-4073-aa06-ed39815ea49b
06-07 21:43:11 com_github_MitjaNemec_ReplicateLayout.replicate_layout 986:Dst text UUid:6061073a-cade-475d-b01e-82ab9663d230
06-07 21:43:11 com_github_MitjaNemec_ReplicateLayout.replicate_layout 985:Src text UUid:aa33e0ec-aeee-4527-bc43-42ac418801c6
06-07 21:43:11 com_github_MitjaNemec_ReplicateLayout.replicate_layout 986:Dst text UUid:71a7184a-e55c-4e97-a9fc-df65c1871482
06-07 21:43:11 com_github_MitjaNemec_ReplicateLayout.replicate_layout 985:Src text UUid:62d03a22-2430-4966-8e6a-c0507ee76c3c
06-07 21:43:11 com_github_MitjaNemec_ReplicateLayout.replicate_layout 986:Dst text UUid:02d3f00d-6974-4982-97a8-d9f2bf96dd33
06-07 21:43:11 com_github_MitjaNemec_ReplicateLayout.replicate_layout 985:Src text UUid:47c7aae1-1284-4bc4-81c0-a73d6001c07d
06-07 21:43:11 com_github_MitjaNemec_ReplicateLayout.replicate_layout 986:Dst text UUid:677c6d7d-d44a-459f-a12f-3687525c76ea
06-07 21:43:11 com_github_MitjaNemec_ReplicateLayout.replicate_layout 868:Replicating footprints on sheet ['high-side-switch4']
06-07 21:43:11 com_github_MitjaNemec_ReplicateLayout.replicate_layout 985:Src text UUid:ab687e52-6d7c-4736-871b-ac0aa173df85
06-07 21:43:11 com_github_MitjaNemec_ReplicateLayout.replicate_layout 986:Dst text UUid:f7598d4e-82be-4e2f-8b8b-aed4607261f2
06-07 21:43:11 com_github_MitjaNemec_ReplicateLayout.replicate_layout 985:Src text UUid:d855c174-bc9c-4844-bedf-66eb247c0764
06-07 21:43:11 com_github_MitjaNemec_ReplicateLayout.replicate_layout 986:Dst text UUid:ccf7d782-ec94-4fb1-ae52-01a429cecd2c
06-07 21:43:11 com_github_MitjaNemec_ReplicateLayout.replicate_layout 985:Src text UUid:c1474a28-6412-48b8-a936-ed6e2960e36f
06-07 21:43:11 com_github_MitjaNemec_ReplicateLayout.replicate_layout 986:Dst text UUid:3d750e67-bb46-4b40-9f7e-1422af1102fb
06-07 21:43:11 com_github_MitjaNemec_ReplicateLayout.replicate_layout 985:Src text UUid:8c95f305-d77b-4b8a-aa6f-b52bd9138e6f
06-07 21:43:11 com_github_MitjaNemec_ReplicateLayout.replicate_layout 986:Dst text UUid:adedd1ce-4fe6-4bd1-b1d9-4f17a2e160ed
06-07 21:43:11 com_github_MitjaNemec_ReplicateLayout.replicate_layout 985:Src text UUid:6bc88fea-e76c-4162-a119-66e0d59d8287
06-07 21:43:11 com_github_MitjaNemec_ReplicateLayout.replicate_layout 986:Dst text UUid:40ee41f0-7825-409f-8f91-3ebbbb96f0a5
06-07 21:43:11 com_github_MitjaNemec_ReplicateLayout.replicate_layout 985:Src text UUid:4b372115-3edc-49af-a68e-c4a0c9d72aab
06-07 21:43:11 com_github_MitjaNemec_ReplicateLayout.replicate_layout 986:Dst text UUid:a753e174-3093-41dd-a6ee-c712ddc7c98c
06-07 21:43:11 com_github_MitjaNemec_ReplicateLayout.replicate_layout 985:Src text UUid:a1e1348c-2ceb-4432-a4ad-03952c4699f6
06-07 21:43:11 com_github_MitjaNemec_ReplicateLayout.replicate_layout 986:Dst text UUid:f337ffbb-28ef-4229-93bc-295e87a6afc0
06-07 21:43:11 com_github_MitjaNemec_ReplicateLayout.replicate_layout 985:Src text UUid:817ee549-df6e-438b-a75f-12adc8fddaca
06-07 21:43:11 com_github_MitjaNemec_ReplicateLayout.replicate_layout 986:Dst text UUid:3484816a-949b-41c9-b7e5-b6249e3697bc
06-07 21:43:11 com_github_MitjaNemec_ReplicateLayout.replicate_layout 985:Src text UUid:78496e17-eb27-4c6b-a2eb-e442be4bb815
06-07 21:43:11 com_github_MitjaNemec_ReplicateLayout.replicate_layout 986:Dst text UUid:35825aa3-affd-4a8b-8100-669a493ddbc5
06-07 21:43:11 com_github_MitjaNemec_ReplicateLayout.replicate_layout 985:Src text UUid:819b6948-9dec-4998-a2b7-a42f114ddf7d
06-07 21:43:11 com_github_MitjaNemec_ReplicateLayout.replicate_layout 986:Dst text UUid:fbf5a5e0-5f09-4837-af7c-f86a90ff3452
06-07 21:43:11 com_github_MitjaNemec_ReplicateLayout.replicate_layout 985:Src text UUid:cb894296-0a0a-47e5-aea3-84a45a655159
06-07 21:43:11 com_github_MitjaNemec_ReplicateLayout.replicate_layout 986:Dst text UUid:733797b0-8793-48a9-8111-04114a903d04
06-07 21:43:11 com_github_MitjaNemec_ReplicateLayout.replicate_layout 985:Src text UUid:05bdad6d-aae6-4073-aa06-ed39815ea49b
06-07 21:43:11 com_github_MitjaNemec_ReplicateLayout.replicate_layout 986:Dst text UUid:613ab276-0f93-4db0-9204-a51c7731f32a
06-07 21:43:11 com_github_MitjaNemec_ReplicateLayout.replicate_layout 985:Src text UUid:aa33e0ec-aeee-4527-bc43-42ac418801c6
06-07 21:43:11 com_github_MitjaNemec_ReplicateLayout.replicate_layout 986:Dst text UUid:16d1a098-2ea8-4b16-bb2e-017a73b738e3
06-07 21:43:11 com_github_MitjaNemec_ReplicateLayout.replicate_layout 985:Src text UUid:62d03a22-2430-4966-8e6a-c0507ee76c3c
06-07 21:43:11 com_github_MitjaNemec_ReplicateLayout.replicate_layout 986:Dst text UUid:cdf02e27-d5d6-4c84-ade8-e13ae99b7c20
06-07 21:43:11 com_github_MitjaNemec_ReplicateLayout.replicate_layout 985:Src text UUid:47c7aae1-1284-4bc4-81c0-a73d6001c07d
06-07 21:43:11 com_github_MitjaNemec_ReplicateLayout.replicate_layout 986:Dst text UUid:dcd42dc8-1d89-4dbe-a769-4947a78ad761
06-07 21:43:11 com_github_MitjaNemec_ReplicateLayout.replicate_layout 868:Replicating footprints on sheet ['high-side-switch5']
06-07 21:43:11 com_github_MitjaNemec_ReplicateLayout.replicate_layout 985:Src text UUid:ab687e52-6d7c-4736-871b-ac0aa173df85
06-07 21:43:11 com_github_MitjaNemec_ReplicateLayout.replicate_layout 986:Dst text UUid:516b1e67-88ed-4e9e-a821-906bc489519a
06-07 21:43:11 com_github_MitjaNemec_ReplicateLayout.replicate_layout 985:Src text UUid:d855c174-bc9c-4844-bedf-66eb247c0764
06-07 21:43:11 com_github_MitjaNemec_ReplicateLayout.replicate_layout 986:Dst text UUid:c0fefb37-c67d-4b8c-a7f4-94afa98f47ce
06-07 21:43:11 com_github_MitjaNemec_ReplicateLayout.replicate_layout 985:Src text UUid:c1474a28-6412-48b8-a936-ed6e2960e36f
06-07 21:43:11 com_github_MitjaNemec_ReplicateLayout.replicate_layout 986:Dst text UUid:a4f7654f-5755-48c2-8b08-dee8fc0f2c44
06-07 21:43:11 com_github_MitjaNemec_ReplicateLayout.replicate_layout 985:Src text UUid:8c95f305-d77b-4b8a-aa6f-b52bd9138e6f
06-07 21:43:11 com_github_MitjaNemec_ReplicateLayout.replicate_layout 986:Dst text UUid:f60eb9b7-ecd4-4024-888c-b7d1e43cd3a3
06-07 21:43:11 com_github_MitjaNemec_ReplicateLayout.replicate_layout 985:Src text UUid:6bc88fea-e76c-4162-a119-66e0d59d8287
06-07 21:43:11 com_github_MitjaNemec_ReplicateLayout.replicate_layout 986:Dst text UUid:4bf09e07-5565-4966-95d6-7c255e0d0071
06-07 21:43:11 com_github_MitjaNemec_ReplicateLayout.replicate_layout 985:Src text UUid:4b372115-3edc-49af-a68e-c4a0c9d72aab
06-07 21:43:11 com_github_MitjaNemec_ReplicateLayout.replicate_layout 986:Dst text UUid:eab9ad7e-ea7d-43f0-9122-99d1a96318aa
06-07 21:43:11 com_github_MitjaNemec_ReplicateLayout.replicate_layout 985:Src text UUid:a1e1348c-2ceb-4432-a4ad-03952c4699f6
06-07 21:43:11 com_github_MitjaNemec_ReplicateLayout.replicate_layout 986:Dst text UUid:587a3729-0f2d-486a-9262-d2a4df867803
06-07 21:43:11 com_github_MitjaNemec_ReplicateLayout.replicate_layout 985:Src text UUid:817ee549-df6e-438b-a75f-12adc8fddaca
06-07 21:43:11 com_github_MitjaNemec_ReplicateLayout.replicate_layout 986:Dst text UUid:62d1ff43-b711-4998-a289-47719e4b6e93
06-07 21:43:11 com_github_MitjaNemec_ReplicateLayout.replicate_layout 985:Src text UUid:78496e17-eb27-4c6b-a2eb-e442be4bb815
06-07 21:43:11 com_github_MitjaNemec_ReplicateLayout.replicate_layout 986:Dst text UUid:75ce6cca-2ab8-442e-8342-863fe157bb06
06-07 21:43:11 com_github_MitjaNemec_ReplicateLayout.replicate_layout 985:Src text UUid:819b6948-9dec-4998-a2b7-a42f114ddf7d
06-07 21:43:11 com_github_MitjaNemec_ReplicateLayout.replicate_layout 986:Dst text UUid:c023b4b3-d3b2-41d9-82e6-23dcee915ad9
06-07 21:43:11 com_github_MitjaNemec_ReplicateLayout.replicate_layout 985:Src text UUid:cb894296-0a0a-47e5-aea3-84a45a655159
06-07 21:43:11 com_github_MitjaNemec_ReplicateLayout.replicate_layout 986:Dst text UUid:6821e8d3-8031-4757-b1d0-ac44b34a8b09
06-07 21:43:11 com_github_MitjaNemec_ReplicateLayout.replicate_layout 985:Src text UUid:05bdad6d-aae6-4073-aa06-ed39815ea49b
06-07 21:43:11 com_github_MitjaNemec_ReplicateLayout.replicate_layout 986:Dst text UUid:1545566e-f460-4120-9f75-c1c2bf1c535c
06-07 21:43:11 com_github_MitjaNemec_ReplicateLayout.replicate_layout 985:Src text UUid:aa33e0ec-aeee-4527-bc43-42ac418801c6
06-07 21:43:11 com_github_MitjaNemec_ReplicateLayout.replicate_layout 986:Dst text UUid:652d3a34-3292-464c-b9b4-9ecee9bb8722
06-07 21:43:11 com_github_MitjaNemec_ReplicateLayout.replicate_layout 985:Src text UUid:62d03a22-2430-4966-8e6a-c0507ee76c3c
06-07 21:43:11 com_github_MitjaNemec_ReplicateLayout.replicate_layout 986:Dst text UUid:78d46f0c-2e10-474b-8648-2179a80259d0
06-07 21:43:11 com_github_MitjaNemec_ReplicateLayout.replicate_layout 985:Src text UUid:47c7aae1-1284-4bc4-81c0-a73d6001c07d
06-07 21:43:11 com_github_MitjaNemec_ReplicateLayout.replicate_layout 986:Dst text UUid:0bf7512a-d3dc-41a5-8111-14c5602623a9
06-07 21:43:11 root 332:updating GUI message: 'Replicating tracks'
06-07 21:43:11 com_github_MitjaNemec_ReplicateLayout.replicate_layout 1009:Replicating tracks
06-07 21:43:11 root 337:updating GUI with: 0
06-07 21:43:11 com_github_MitjaNemec_ReplicateLayout.replicate_layout 1015:Replicating tracks on sheet ['high-side-switch']
06-07 21:43:11 com_github_MitjaNemec_ReplicateLayout.replicate_layout 792:Net pairs for sheet ['high-side-switch'] :[('/enable.Grid2', '/enable.Grid0'), ('Net-(Q8-C)', 'Net-(Q4-C)'), ('Vdrive', 'Vdrive'), ('Net-(Q8-B)', 'Net-(Q4-B)'), ('Net-(Q9-B)', 'Net-(Q5-B)'), ('/drive.Grid2', '/drive.Grid0'), ('GND', 'GND')]
06-07 21:43:11 com_github_MitjaNemec_ReplicateLayout.replicate_layout 1015:Replicating tracks on sheet ['high-side-switch1']
06-07 21:43:11 com_github_MitjaNemec_ReplicateLayout.replicate_layout 792:Net pairs for sheet ['high-side-switch1'] :[('Vdrive', 'Vdrive'), ('/enable.Grid2', '/enable.Grid1'), ('/drive.Grid2', '/drive.Grid1'), ('Net-(Q8-C)', 'Net-(Q6-C)'), ('Net-(Q8-B)', 'Net-(Q6-B)'), ('Net-(Q9-B)', 'Net-(Q7-B)'), ('GND', 'GND')]
06-07 21:43:11 com_github_MitjaNemec_ReplicateLayout.replicate_layout 1015:Replicating tracks on sheet ['high-side-switch3']
06-07 21:43:11 com_github_MitjaNemec_ReplicateLayout.replicate_layout 792:Net pairs for sheet ['high-side-switch3'] :[('Net-(Q8-C)', 'Net-(Q10-C)'), ('Net-(Q8-B)', 'Net-(Q10-B)'), ('/enable.Grid2', '/enable.Grid3'), ('Vdrive', 'Vdrive'), ('/drive.Grid2', '/drive.Grid3'), ('Net-(Q9-B)', 'Net-(Q11-B)'), ('GND', 'GND')]
06-07 21:43:11 com_github_MitjaNemec_ReplicateLayout.replicate_layout 1015:Replicating tracks on sheet ['high-side-switch4']
06-07 21:43:11 com_github_MitjaNemec_ReplicateLayout.replicate_layout 792:Net pairs for sheet ['high-side-switch4'] :[('/enable.Grid2', '/enable.Grid4'), ('Vdrive', 'Vdrive'), ('/drive.Grid2', '/drive.Grid4'), ('Net-(Q8-C)', 'Net-(Q12-C)'), ('Net-(Q8-B)', 'Net-(Q12-B)'), ('Net-(Q9-B)', 'Net-(Q13-B)'), ('GND', 'GND')]
06-07 21:43:11 com_github_MitjaNemec_ReplicateLayout.replicate_layout 1015:Replicating tracks on sheet ['high-side-switch5']
06-07 21:43:11 com_github_MitjaNemec_ReplicateLayout.replicate_layout 792:Net pairs for sheet ['high-side-switch5'] :[('Vdrive', 'Vdrive'), ('Net-(Q8-B)', 'Net-(Q14-B)'), ('/enable.Grid2', '/enable.Grid5'), ('Net-(Q8-C)', 'Net-(Q14-C)'), ('/drive.Grid2', '/drive.Grid5'), ('Net-(Q9-B)', 'Net-(Q15-B)'), ('GND', 'GND')]
06-07 21:43:11 root 332:updating GUI message: 'Replicating zones'
06-07 21:43:11 com_github_MitjaNemec_ReplicateLayout.replicate_layout 1079:Replicating zones
06-07 21:43:11 com_github_MitjaNemec_ReplicateLayout.replicate_layout 1086:Replicating zones on sheet ['high-side-switch']
06-07 21:43:11 com_github_MitjaNemec_ReplicateLayout.replicate_layout 792:Net pairs for sheet ['high-side-switch'] :[('/enable.Grid2', '/enable.Grid0'), ('Net-(Q8-C)', 'Net-(Q4-C)'), ('Vdrive', 'Vdrive'), ('Net-(Q8-B)', 'Net-(Q4-B)'), ('Net-(Q9-B)', 'Net-(Q5-B)'), ('/drive.Grid2', '/drive.Grid0'), ('GND', 'GND')]
06-07 21:43:11 com_github_MitjaNemec_ReplicateLayout.replicate_layout 1086:Replicating zones on sheet ['high-side-switch1']
06-07 21:43:11 com_github_MitjaNemec_ReplicateLayout.replicate_layout 792:Net pairs for sheet ['high-side-switch1'] :[('Vdrive', 'Vdrive'), ('/enable.Grid2', '/enable.Grid1'), ('/drive.Grid2', '/drive.Grid1'), ('Net-(Q8-C)', 'Net-(Q6-C)'), ('Net-(Q8-B)', 'Net-(Q6-B)'), ('Net-(Q9-B)', 'Net-(Q7-B)'), ('GND', 'GND')]
06-07 21:43:11 com_github_MitjaNemec_ReplicateLayout.replicate_layout 1086:Replicating zones on sheet ['high-side-switch3']
06-07 21:43:11 com_github_MitjaNemec_ReplicateLayout.replicate_layout 792:Net pairs for sheet ['high-side-switch3'] :[('Net-(Q8-C)', 'Net-(Q10-C)'), ('Net-(Q8-B)', 'Net-(Q10-B)'), ('/enable.Grid2', '/enable.Grid3'), ('Vdrive', 'Vdrive'), ('/drive.Grid2', '/drive.Grid3'), ('Net-(Q9-B)', 'Net-(Q11-B)'), ('GND', 'GND')]
06-07 21:43:11 root 337:updating GUI with: 60
06-07 21:43:11 com_github_MitjaNemec_ReplicateLayout.replicate_layout 1086:Replicating zones on sheet ['high-side-switch4']
06-07 21:43:11 com_github_MitjaNemec_ReplicateLayout.replicate_layout 792:Net pairs for sheet ['high-side-switch4'] :[('/enable.Grid2', '/enable.Grid4'), ('Vdrive', 'Vdrive'), ('/drive.Grid2', '/drive.Grid4'), ('Net-(Q8-C)', 'Net-(Q12-C)'), ('Net-(Q8-B)', 'Net-(Q12-B)'), ('Net-(Q9-B)', 'Net-(Q13-B)'), ('GND', 'GND')]
06-07 21:43:11 com_github_MitjaNemec_ReplicateLayout.replicate_layout 1086:Replicating zones on sheet ['high-side-switch5']
06-07 21:43:11 com_github_MitjaNemec_ReplicateLayout.replicate_layout 792:Net pairs for sheet ['high-side-switch5'] :[('Vdrive', 'Vdrive'), ('Net-(Q8-B)', 'Net-(Q14-B)'), ('/enable.Grid2', '/enable.Grid5'), ('Net-(Q8-C)', 'Net-(Q14-C)'), ('/drive.Grid2', '/drive.Grid5'), ('Net-(Q9-B)', 'Net-(Q15-B)'), ('GND', 'GND')]
06-07 21:43:11 root 332:updating GUI message: 'Replicating text'
06-07 21:43:11 com_github_MitjaNemec_ReplicateLayout.replicate_layout 1168:Replicating text
06-07 21:43:11 com_github_MitjaNemec_ReplicateLayout.replicate_layout 1175:Replicating text on sheet ['high-side-switch']
06-07 21:43:11 com_github_MitjaNemec_ReplicateLayout.replicate_layout 1175:Replicating text on sheet ['high-side-switch1']
06-07 21:43:11 com_github_MitjaNemec_ReplicateLayout.replicate_layout 1175:Replicating text on sheet ['high-side-switch3']
06-07 21:43:11 com_github_MitjaNemec_ReplicateLayout.replicate_layout 1175:Replicating text on sheet ['high-side-switch4']
06-07 21:43:11 com_github_MitjaNemec_ReplicateLayout.replicate_layout 1175:Replicating text on sheet ['high-side-switch5']
06-07 21:43:11 root 332:updating GUI message: 'Replicating drawings'
06-07 21:43:11 com_github_MitjaNemec_ReplicateLayout.replicate_layout 1219:Replicating drawings
06-07 21:43:11 com_github_MitjaNemec_ReplicateLayout.replicate_layout 1225:Replicating drawings on sheet ['high-side-switch']
06-07 21:43:11 com_github_MitjaNemec_ReplicateLayout.replicate_layout 1225:Replicating drawings on sheet ['high-side-switch1']
06-07 21:43:11 com_github_MitjaNemec_ReplicateLayout.replicate_layout 1225:Replicating drawings on sheet ['high-side-switch3']
06-07 21:43:11 com_github_MitjaNemec_ReplicateLayout.replicate_layout 1225:Replicating drawings on sheet ['high-side-switch4']
06-07 21:43:11 com_github_MitjaNemec_ReplicateLayout.replicate_layout 1225:Replicating drawings on sheet ['high-side-switch5']
06-07 21:43:11 com_github_MitjaNemec_ReplicateLayout.action_replicate_layout 256:Replication complete
